<?xml version="1.0" encoding="UTF-8"?>
<testsuites>
  <testsuite name="fastlane.lanes">
    
    
    
      
      <testcase classname="fastlane.lanes" name="0: default_platform" time="0.0015091">
        
      </testcase>
    
      
      <testcase classname="fastlane.lanes" name="1: test" time="29.4741554">
        
          <failure message="C:/Ruby31-x64/lib/ruby/gems/3.1.0/gems/fastlane-2.212.0/fastlane/lib/fastlane/actions/actions_helper.rb:67:in `execute_action&apos;&#10;C:/Ruby31-x64/lib/ruby/gems/3.1.0/gems/fastlane-2.212.0/fastlane/lib/fastlane/runner.rb:255:in `block in execute_action&apos;&#10;C:/Ruby31-x64/lib/ruby/gems/3.1.0/gems/fastlane-2.212.0/fastlane/lib/fastlane/runner.rb:229:in `chdir&apos;&#10;C:/Ruby31-x64/lib/ruby/gems/3.1.0/gems/fastlane-2.212.0/fastlane/lib/fastlane/runner.rb:229:in `execute_action&apos;&#10;C:/Ruby31-x64/lib/ruby/gems/3.1.0/gems/fastlane-2.212.0/fastlane/lib/fastlane/runner.rb:157:in `trigger_action_by_name&apos;&#10;C:/Ruby31-x64/lib/ruby/gems/3.1.0/gems/fastlane-2.212.0/fastlane/lib/fastlane/fast_file.rb:159:in `method_missing&apos;&#10;Fastfile:35:in `block (2 levels) in parsing_binding&apos;&#10;C:/Ruby31-x64/lib/ruby/gems/3.1.0/gems/fastlane-2.212.0/fastlane/lib/fastlane/lane.rb:33:in `call&apos;&#10;C:/Ruby31-x64/lib/ruby/gems/3.1.0/gems/fastlane-2.212.0/fastlane/lib/fastlane/runner.rb:49:in `block in execute&apos;&#10;C:/Ruby31-x64/lib/ruby/gems/3.1.0/gems/fastlane-2.212.0/fastlane/lib/fastlane/runner.rb:45:in `chdir&apos;&#10;C:/Ruby31-x64/lib/ruby/gems/3.1.0/gems/fastlane-2.212.0/fastlane/lib/fastlane/runner.rb:45:in `execute&apos;&#10;C:/Ruby31-x64/lib/ruby/gems/3.1.0/gems/fastlane-2.212.0/fastlane/lib/fastlane/lane_manager.rb:47:in `cruise_lane&apos;&#10;C:/Ruby31-x64/lib/ruby/gems/3.1.0/gems/fastlane-2.212.0/fastlane/lib/fastlane/command_line_handler.rb:36:in `handle&apos;&#10;C:/Ruby31-x64/lib/ruby/gems/3.1.0/gems/fastlane-2.212.0/fastlane/lib/fastlane/commands_generator.rb:110:in `block (2 levels) in run&apos;&#10;C:/Ruby31-x64/lib/ruby/gems/3.1.0/gems/commander-4.6.0/lib/commander/command.rb:187:in `call&apos;&#10;C:/Ruby31-x64/lib/ruby/gems/3.1.0/gems/commander-4.6.0/lib/commander/command.rb:157:in `run&apos;&#10;C:/Ruby31-x64/lib/ruby/gems/3.1.0/gems/commander-4.6.0/lib/commander/runner.rb:444:in `run_active_command&apos;&#10;C:/Ruby31-x64/lib/ruby/gems/3.1.0/gems/fastlane-2.212.0/fastlane_core/lib/fastlane_core/ui/fastlane_runner.rb:124:in `run!&apos;&#10;C:/Ruby31-x64/lib/ruby/gems/3.1.0/gems/commander-4.6.0/lib/commander/delegates.rb:18:in `run!&apos;&#10;C:/Ruby31-x64/lib/ruby/gems/3.1.0/gems/fastlane-2.212.0/fastlane/lib/fastlane/commands_generator.rb:354:in `run&apos;&#10;C:/Ruby31-x64/lib/ruby/gems/3.1.0/gems/fastlane-2.212.0/fastlane/lib/fastlane/commands_generator.rb:43:in `start&apos;&#10;C:/Ruby31-x64/lib/ruby/gems/3.1.0/gems/fastlane-2.212.0/fastlane/lib/fastlane/cli_tools_distributor.rb:123:in `take_off&apos;&#10;C:/Ruby31-x64/lib/ruby/gems/3.1.0/gems/fastlane-2.212.0/bin/fastlane:23:in `&lt;top (required)&gt;&apos;&#10;C:/Ruby31-x64/bin/fastlane:32:in `load&apos;&#10;C:/Ruby31-x64/bin/fastlane:32:in `&lt;main&gt;&apos;&#10;&#10;Exit status of command &apos;D:/Flutter/flutter-core/android/gradlew test -p .&apos; was 1 instead of 0.&#10;Starting a Gradle Daemon, 4 busy and 1 incompatible Daemons could not be reused, use --status for details&#10;WARNING:We recommend using a newer Android Gradle plugin to use compileSdk = 33&#10;&#10;This Android Gradle plugin (7.2.0) was tested up to compileSdk = 32&#10;&#10;This warning can be suppressed by adding&#10;    android.suppressUnsupportedCompileSdk=33&#10;to this project&apos;s gradle.properties&#10;&#10;The build will continue, but you are strongly encouraged to update your project to&#10;use a newer Android Gradle Plugin that has been tested with compileSdk = 33&#10;&#10;FAILURE: Build failed with an exception.&#10;&#10;* What went wrong:&#10;Could not determine the dependencies of task &apos;:path_provider_android:test&apos;.&#10;&gt; Could not create task &apos;:path_provider_android:testProfileUnitTest&apos;.&#10;   &gt; this and base files have different roots: D:\Flutter\flutter-core\build\path_provider_android and C:\Users\ADMIN\AppData\Local\Pub\Cache\hosted\pub.dev\path_provider_android-2.0.23\android.&#10;&#10;* Try:&#10;&gt; Run with --stacktrace option to get the stack trace.&#10;&gt; Run with --info or --debug option to get more log output.&#10;&gt; Run with --scan to get full insights.&#10;&#10;* Get more help at https://help.gradle.org&#10;&#10;Deprecated Gradle features were used in this build, making it incompatible with Gradle 8.0.&#10;&#10;You can use &apos;--warning-mode all&apos; to show the individual deprecation warnings and determine if they come from your own scripts or plugins.&#10;&#10;See https://docs.gradle.org/7.5/userguide/command_line_interface.html#sec:command_line_warnings&#10;&#10;BUILD FAILED in 28s&#10;" />
        
      </testcase>
    
  </testsuite>
</testsuites>
